<?xml version="1.0" encoding="UTF-8"?>
<testng-results ignored="0" total="2" passed="2" failed="0" skipped="0">
  <reporter-output>
  </reporter-output>
  <suite started-at="2026-05-18T17:37:18 IST" name="Default suite" finished-at="2026-05-18T17:37:24 IST" duration-ms="6623">
    <groups>
    </groups>
    <test started-at="2026-05-18T17:37:18 IST" name="Default test" finished-at="2026-05-18T17:37:24 IST" duration-ms="6623">
      <class name="test.LoginTest">
        <test-method is-config="true" signature="url()[pri:0, instance:test.LoginTest@909217e]" started-at="2026-05-18T17:37:18 IST" name="url" finished-at="2026-05-18T17:37:23 IST" duration-ms="5373" status="PASS">
          <reporter-output>
          </reporter-output>
        </test-method> <!-- url -->
        <test-method signature="clickonclose()[pri:0, instance:test.LoginTest@909217e]" started-at="2026-05-18T17:37:23 IST" name="clickonclose" finished-at="2026-05-18T17:37:24 IST" duration-ms="1131" status="PASS">
          <reporter-output>
          </reporter-output>
        </test-method> <!-- clickonclose -->
        <test-method signature="gettitle()[pri:0, instance:test.LoginTest@909217e]" started-at="2026-05-18T17:37:24 IST" name="gettitle" finished-at="2026-05-18T17:37:24 IST" duration-ms="18" status="PASS">
          <reporter-output>
          </reporter-output>
        </test-method> <!-- gettitle -->
      </class> <!-- test.LoginTest -->
    </test> <!-- Default test -->
  </suite> <!-- Default suite -->
</testng-results>
