<?xml version="1.0" encoding="UTF-8"?>
<testng-results ignored="0" total="2" passed="2" failed="0" skipped="0">
  <reporter-output>
  </reporter-output>
  <suite started-at="2026-05-19T20:23:57 IST" name="Suite" finished-at="2026-05-19T20:24:04 IST" duration-ms="6455">
    <groups>
    </groups>
    <test started-at="2026-05-19T20:23:57 IST" name="Test" finished-at="2026-05-19T20:24:04 IST" duration-ms="6455">
      <class name="test.LoginTest">
        <test-method is-config="true" signature="url(java.lang.String)[pri:0, instance:test.LoginTest@5e2c3d18]" started-at="2026-05-19T20:23:57 IST" name="url" finished-at="2026-05-19T20:24:03 IST" duration-ms="5085" status="PASS">
          <params>
            <param index="0">
              <value>
                <![CDATA[edge]]>
              </value>
            </param>
          </params>
          <reporter-output>
          </reporter-output>
        </test-method> <!-- url -->
        <test-method signature="clickonclose()[pri:0, instance:test.LoginTest@5e2c3d18]" started-at="2026-05-19T20:24:03 IST" name="clickonclose" finished-at="2026-05-19T20:24:04 IST" duration-ms="1224" status="PASS">
          <reporter-output>
          </reporter-output>
        </test-method> <!-- clickonclose -->
        <test-method signature="gettitle()[pri:0, instance:test.LoginTest@5e2c3d18]" started-at="2026-05-19T20:24:04 IST" name="gettitle" finished-at="2026-05-19T20:24:04 IST" duration-ms="33" status="PASS">
          <reporter-output>
          </reporter-output>
        </test-method> <!-- gettitle -->
      </class> <!-- test.LoginTest -->
    </test> <!-- Test -->
  </suite> <!-- Suite -->
</testng-results>
